Determining if the pthread_create exist failed with the following output:
Change Dir: /home/shabirmean/Desktop/COMP765/Assignment1/build/CMakeFiles/CMakeTmp

Run Build Command:"/usr/bin/make" "cmTC_a5890/fast"
/usr/bin/make -f CMakeFiles/cmTC_a5890.dir/build.make CMakeFiles/cmTC_a5890.dir/build
make[1]: Entering directory '/home/shabirmean/Desktop/COMP765/Assignment1/build/CMakeFiles/CMakeTmp'
Building C object CMakeFiles/cmTC_a5890.dir/CheckSymbolExists.c.o
/usr/bin/cc     -o CMakeFiles/cmTC_a5890.dir/CheckSymbolExists.c.o   -c /home/shabirmean/Desktop/COMP765/Assignment1/build/CMakeFiles/CMakeTmp/CheckSymbolExists.c
Linking C executable cmTC_a5890
/usr/bin/cmake -E cmake_link_script CMakeFiles/cmTC_a5890.dir/link.txt --verbose=1
/usr/bin/cc       CMakeFiles/cmTC_a5890.dir/CheckSymbolExists.c.o  -o cmTC_a5890 -rdynamic 
CMakeFiles/cmTC_a5890.dir/CheckSymbolExists.c.o: In function `main':
CheckSymbolExists.c:(.text+0x16): undefined reference to `pthread_create'
collect2: error: ld returned 1 exit status
CMakeFiles/cmTC_a5890.dir/build.make:97: recipe for target 'cmTC_a5890' failed
make[1]: *** [cmTC_a5890] Error 1
make[1]: Leaving directory '/home/shabirmean/Desktop/COMP765/Assignment1/build/CMakeFiles/CMakeTmp'
Makefile:126: recipe for target 'cmTC_a5890/fast' failed
make: *** [cmTC_a5890/fast] Error 2

File /home/shabirmean/Desktop/COMP765/Assignment1/build/CMakeFiles/CMakeTmp/CheckSymbolExists.c:
/* */
#include <pthread.h>

int main(int argc, char** argv)
{
  (void)argv;
#ifndef pthread_create
  return ((int*)(&pthread_create))[argc];
#else
  (void)argc;
  return 0;
#endif
}

Determining if the function pthread_create exists in the pthreads failed with the following output:
Change Dir: /home/shabirmean/Desktop/COMP765/Assignment1/build/CMakeFiles/CMakeTmp

Run Build Command:"/usr/bin/make" "cmTC_7445a/fast"
/usr/bin/make -f CMakeFiles/cmTC_7445a.dir/build.make CMakeFiles/cmTC_7445a.dir/build
make[1]: Entering directory '/home/shabirmean/Desktop/COMP765/Assignment1/build/CMakeFiles/CMakeTmp'
Building C object CMakeFiles/cmTC_7445a.dir/CheckFunctionExists.c.o
/usr/bin/cc    -DCHECK_FUNCTION_EXISTS=pthread_create   -o CMakeFiles/cmTC_7445a.dir/CheckFunctionExists.c.o   -c /usr/share/cmake-3.5/Modules/CheckFunctionExists.c
Linking C executable cmTC_7445a
/usr/bin/cmake -E cmake_link_script CMakeFiles/cmTC_7445a.dir/link.txt --verbose=1
/usr/bin/cc   -DCHECK_FUNCTION_EXISTS=pthread_create    CMakeFiles/cmTC_7445a.dir/CheckFunctionExists.c.o  -o cmTC_7445a -rdynamic -lpthreads 
/usr/bin/ld: cannot find -lpthreads
collect2: error: ld returned 1 exit status
CMakeFiles/cmTC_7445a.dir/build.make:97: recipe for target 'cmTC_7445a' failed
make[1]: *** [cmTC_7445a] Error 1
make[1]: Leaving directory '/home/shabirmean/Desktop/COMP765/Assignment1/build/CMakeFiles/CMakeTmp'
Makefile:126: recipe for target 'cmTC_7445a/fast' failed
make: *** [cmTC_7445a/fast] Error 2


